<?xml version="1.0" encoding="UTF-8"?>
<persistence version="1.0" xmlns="http://java.sun.com/xml/ns/persistence" xmlns:xsi="http://www.w3.org/2001/XMLSchema-instance" xsi:schemaLocation="http://java.sun.com/xml/ns/persistence http://java.sun.com/xml/ns/persistence/persistence_1_0.xsd">

  <!--
       Ezt a persistence.xml-t a unit teszteknél használjuk.
       Ennek megfelelően a transaction-type RESOURCE_LOCAL.
       
       A core és a test-integration közösen használják, ezért van a test-shared modulban.
  -->

  <persistence-unit name="snmp_test_ds" transaction-type="RESOURCE_LOCAL">
    <provider>org.eclipse.persistence.jpa.PersistenceProvider</provider>
    <class>com.zh.snmp.snmpcore.entities.UserEntity</class>
    <class>com.zh.snmp.snmpcore.entities.HistoryEntity</class>
    <class>com.zh.snmp.snmpcore.entities.DeviceConfigEntity</class>
    <class>com.zh.snmp.snmpcore.entities.DeviceEntity</class>
    <properties>
        <property name="eclipselink.target-database" value="MYSQL"/>
      <!-- tesztekben ne cacheljünk ! -->
      <property name="eclipselink.cache.shared.default" value="false"/>
      <!--<property name="eclipselink.logging.level" value="ALL"/>-->
      <property name="eclipselink.logging.level" value="${eclipselink.logging.level}"/>
      <property name="javax.persistence.jdbc.url" value="${javax.persistence.jdbc.testurl}"/>
      <property name="javax.persistence.jdbc.password" value="${javax.persistence.jdbc.password}"/>
      <property name="javax.persistence.jdbc.driver" value="${javax.persistence.jdbc.driver}"/>
      <property name="javax.persistence.jdbc.user" value="${javax.persistence.jdbc.testuser}"/>
      <property name="eclipselink.ddl-generation" value="${eclipselink.ddl-generation}"/>
      <property name="eclipselink.weaving" value="${eclipselink.weaving}"/>
      <property name="eclipselink.jdbc.batch-writing" value="JDBC" />
      <property name="eclipselink.jdbc.cache-statements" value="true" />
    </properties>
  </persistence-unit>

</persistence>
