<?xml version="1.0" encoding="UTF-8"?>
<beans xmlns="http://www.springframework.org/schema/beans"
       xmlns:xsi="http://www.w3.org/2001/XMLSchema-instance"
       xmlns:context="http://www.springframework.org/schema/context"
       xmlns:tx="http://www.springframework.org/schema/tx"
       xsi:schemaLocation="
       http://www.springframework.org/schema/beans
       http://www.springframework.org/schema/beans/spring-beans-2.5.xsd
       http://www.springframework.org/schema/context
       http://www.springframework.org/schema/context/spring-context-2.5.xsd
       http://www.springframework.org/schema/tx
       http://www.springframework.org/schema/tx/spring-tx-2.5.xsd"
       default-autowire="byName">
  <!--
       Ezt a unit teszteknél használjuk.
       A core és a test-integration közösen használják, ezért van a test-shared modulban.
  -->

    <bean id="transactionManagerTest" class="org.springframework.transaction.jta.JtaTransactionManager">
        <property name="transactionManager">
            <bean class="org.springframework.transaction.jta.JotmFactoryBean"/>
        </property>
    </bean>
    
    <bean id="loadTimeWeaver" class="com.zh.snmp.snmpcore.util.JpaAwareLoadTimeWeaver"/>

    <bean id="entityManagerFactory" class="org.springframework.orm.jpa.LocalContainerEntityManagerFactoryBean">
        <property name="persistenceUnitManager" ref="pum"/>
        <property name="jpaVendorAdapter">
            <bean class="org.springframework.orm.jpa.vendor.EclipseLinkJpaVendorAdapter" />
        </property>
        <property name="persistenceUnitName" value="snmp_test_ds" />
        <property name="loadTimeWeaver" ref="loadTimeWeaver"/>
    </bean>

    <bean id="transactionManager" class="org.springframework.orm.jpa.JpaTransactionManager">
        <property name="entityManagerFactory" ref="entityManagerFactory"/>
    </bean>

    <bean id="pum" class="org.springframework.orm.jpa.persistenceunit.DefaultPersistenceUnitManager">
        <property name="persistenceXmlLocation" value="classpath:META-INF/test-persistence.xml"/>
    </bean>
</beans>

